<?xml version="1.0" encoding="UTF-8"?>
<testng-results skipped="0" failed="0" ignored="0" total="2" passed="2">
  <reporter-output>
  </reporter-output>
  <suite name="Default Suite" duration-ms="42" started-at="2021-03-18T02:36:55 CST" finished-at="2021-03-18T02:36:55 CST">
    <groups>
    </groups>
    <test name="javaPracticing" duration-ms="42" started-at="2021-03-18T02:36:55 CST" finished-at="2021-03-18T02:36:55 CST">
      <class name="TestngCalculator">
        <test-method status="PASS" signature="testOne_Suma()[pri:0, instance:TestngCalculator@525b461a]" name="testOne_Suma" duration-ms="10" started-at="2021-03-18T02:36:55 CST" finished-at="2021-03-18T02:36:55 CST">
          <reporter-output>
          </reporter-output>
        </test-method> <!-- testOne_Suma -->
        <test-method status="PASS" signature="testTwo_Suma()[pri:0, instance:TestngCalculator@525b461a]" name="testTwo_Suma" duration-ms="1" started-at="2021-03-18T02:36:55 CST" finished-at="2021-03-18T02:36:55 CST">
          <reporter-output>
          </reporter-output>
        </test-method> <!-- testTwo_Suma -->
      </class> <!-- TestngCalculator -->
    </test> <!-- javaPracticing -->
  </suite> <!-- Default Suite -->
</testng-results>
